----------------------------------------
Begin Torque Prologue on nid27558
at Tue Oct 22 20:56:46 CDT 2019
Job Id:			10565058.bw
Username:		tra217
Group:			TRAIN_bayw
Job name:		RNN_sentiment_analysis1
Requested resources:	nodes=01:ppn=16:xk,walltime=02:00:00,neednodes=01:ppn=16:xk
Queue:			normal
Account:		bayw
End Torque Prologue:  0.110 elapsed
----------------------------------------




0 61.79 0.6546 14.8642
   77.89 0.4837
1 71.65 0.5501 13.7298
   84.28 0.3992
2 75.09 0.5021 13.7274
   84.46 0.3730
3 77.37 0.4700 13.7312
   85.02 0.3485
4 77.99 0.4595 13.7264
   86.25 0.3315
5 80.02 0.4307 13.7299
   87.19 0.3174
6 80.62 0.4201 13.7244
   87.57 0.3062
7 81.10 0.4102 13.7228
   85.92 0.3296
8 81.89 0.3963 13.7276
   84.49 0.3492
9 82.76 0.3837 13.7239
   87.02 0.3076
10 83.25 0.3734 13.7253
   87.56 0.2988
11 83.83 0.3639 13.7276
   87.34 0.3019
12 84.72 0.3494 13.7332
   86.99 0.3039
13 85.06 0.3435 13.7272
   86.04 0.3216
14 85.54 0.3338 13.7304
   87.34 0.2982
15 86.02 0.3281 13.7313
   85.68 0.3272
16 86.29 0.3156 13.7314
   86.65 0.3102
17 86.84 0.3096 13.7301
   88.13 0.2821
18 87.68 0.2920 13.7292
   87.44 0.2937
19 87.72 0.2913 13.7322
   87.58 0.2917
Application 81580879 resources: utime ~530s, stime ~29s, Rss ~1559028, inblocks ~191757, outblocks ~26028
