----------------------------------------
Begin Torque Prologue on nid27634
at Tue Oct 22 20:27:32 CDT 2019
Job Id:			10564997.bw
Username:		tra217
Group:			TRAIN_bayw
Job name:		RNN_sentiment_analysis
Requested resources:	nodes=01:ppn=16:xk,walltime=02:00:00,neednodes=01:ppn=16:xk
Queue:			normal
Account:		bayw
End Torque Prologue:  0.109 elapsed
----------------------------------------




0
0 68.53 0.5932 52.5856
1
1 79.70 0.4356 51.4088
2
2 83.46 0.3668 51.4125
   85.86 0.3314
3
3 86.34 0.3218 51.4091
4
4 87.60 0.2935 51.4110
5
5 89.30 0.2610 51.4222
   87.06 0.3004
6
6 90.25 0.2391 51.4076
7
7 91.63 0.2126 51.4200
8
8 92.29 0.1924 51.4233
   87.33 0.3125
9
9 93.12 0.1787 51.4148
10
10 93.81 0.1621 51.4163
11
11 94.68 0.1429 51.4267
   86.87 0.3365
12
12 95.01 0.1316 51.4183
13
13 95.44 0.1253 51.4182
14
14 95.70 0.1170 51.4288
   86.84 0.3663
15
15 96.18 0.1059 51.4171
16
16 96.45 0.0999 51.4200
17
17 96.78 0.0899 51.4280
   86.50 0.3877
18
18 97.10 0.0824 51.4242
19
19 97.22 0.0788 51.4277
Application 81580746 resources: utime ~1129s, stime ~91s, Rss ~1556008, inblocks ~191755, outblocks ~49651
